0 info it worked if it ends with ok
1 verbose cli [ '/usr/local/bin/node', '/usr/local/bin/npm', 'run', 'start' ]
2 info using npm@4.1.2
3 info using node@v7.6.0
4 verbose run-script [ 'prestart', 'start', 'poststart' ]
5 info lifecycle emerald-wallet@0.1.0~prestart: emerald-wallet@0.1.0
6 silly lifecycle emerald-wallet@0.1.0~prestart: no script for prestart, continuing
7 info lifecycle emerald-wallet@0.1.0~start: emerald-wallet@0.1.0
8 verbose lifecycle emerald-wallet@0.1.0~start: unsafe-perm in lifecycle true
9 verbose lifecycle emerald-wallet@0.1.0~start: PATH: /usr/local/lib/node_modules/npm/bin/node-gyp-bin:/Users/elaineo/Documents/emerald-wallet/node_modules/.bin:/usr/local/go:/Users/elaineo/go:/usr/local/go:/Users/elaineo/go/bin://anaconda/bin:/Library/Frameworks/Python.framework/Versions/3.5/bin:/Library/Frameworks/Python.framework/Versions/3.5/bin:/usr/local/bin:/usr/bin:/bin:/usr/sbin:/sbin:/opt/X11/bin:/usr/local/go/bin:/usr/local/MacGPG2/bin:/usr/local/opt/go/libexec/bin
10 verbose lifecycle emerald-wallet@0.1.0~start: CWD: /Users/elaineo/Documents/emerald-wallet
11 silly lifecycle emerald-wallet@0.1.0~start: Args: [ '-c',
11 silly lifecycle   'node ./node_modules/webpack-dev-server/bin/webpack-dev-server.js --content-base build/ --inline  --port 8000' ]
12 silly lifecycle emerald-wallet@0.1.0~start: Returned: code: 1  signal: null
13 info lifecycle emerald-wallet@0.1.0~start: Failed to exec start script
14 verbose stack Error: emerald-wallet@0.1.0 start: `node ./node_modules/webpack-dev-server/bin/webpack-dev-server.js --content-base build/ --inline  --port 8000`
14 verbose stack Exit status 1
14 verbose stack     at EventEmitter.<anonymous> (/usr/local/lib/node_modules/npm/lib/utils/lifecycle.js:279:16)
14 verbose stack     at emitTwo (events.js:106:13)
14 verbose stack     at EventEmitter.emit (events.js:192:7)
14 verbose stack     at ChildProcess.<anonymous> (/usr/local/lib/node_modules/npm/lib/utils/spawn.js:40:14)
14 verbose stack     at emitTwo (events.js:106:13)
14 verbose stack     at ChildProcess.emit (events.js:192:7)
14 verbose stack     at maybeClose (internal/child_process.js:890:16)
14 verbose stack     at Process.ChildProcess._handle.onexit (internal/child_process.js:226:5)
15 verbose pkgid emerald-wallet@0.1.0
16 verbose cwd /Users/elaineo/Documents/emerald-wallet/src/components
17 error Darwin 16.0.0
18 error argv "/usr/local/bin/node" "/usr/local/bin/npm" "run" "start"
19 error node v7.6.0
20 error npm  v4.1.2
21 error code ELIFECYCLE
22 error emerald-wallet@0.1.0 start: `node ./node_modules/webpack-dev-server/bin/webpack-dev-server.js --content-base build/ --inline  --port 8000`
22 error Exit status 1
23 error Failed at the emerald-wallet@0.1.0 start script 'node ./node_modules/webpack-dev-server/bin/webpack-dev-server.js --content-base build/ --inline  --port 8000'.
23 error Make sure you have the latest version of node.js and npm installed.
23 error If you do, this is most likely a problem with the emerald-wallet package,
23 error not with npm itself.
23 error Tell the author that this fails on your system:
23 error     node ./node_modules/webpack-dev-server/bin/webpack-dev-server.js --content-base build/ --inline  --port 8000
23 error You can get information on how to open an issue for this project with:
23 error     npm bugs emerald-wallet
23 error Or if that isn't available, you can get their info via:
23 error     npm owner ls emerald-wallet
23 error There is likely additional logging output above.
24 verbose exit [ 1, true ]
